<?xml version="1.0" encoding="UTF-8"?>
<testsuite name="cs1501_p3.Autograde" tests="5" skipped="0" failures="0" errors="0" timestamp="2021-11-05T03:42:13" hostname="shane-Blade" time="0.059">
  <properties/>
  <testcase name="Add/Get" classname="cs1501_p3.Autograde" time="0.044"/>
  <testcase name="Remove" classname="cs1501_p3.Autograde" time="0.003"/>
  <testcase name="Update" classname="cs1501_p3.Autograde" time="0.003"/>
  <testcase name="Get for specific make/model" classname="cs1501_p3.Autograde" time="0.004"/>
  <testcase name="Get from all" classname="cs1501_p3.Autograde" time="0.003"/>
  <system-out><![CDATA[]]></system-out>
  <system-err><![CDATA[]]></system-err>
</testsuite>
