<?xml version="1.0" encoding="UTF-8"?>
<testsuite name="cs1501_p2.AllTest" tests="3" skipped="0" failures="0" errors="0" timestamp="2021-10-20T05:19:21" hostname="shane-Blade" time="0.055">
  <properties/>
  <testcase name="Testing DLB" classname="cs1501_p2.AllTest" time="0.043"/>
  <testcase name="Testing AutoCompleter" classname="cs1501_p2.AllTest" time="0.009"/>
  <testcase name="Testing UserHistory" classname="cs1501_p2.AllTest" time="0.001"/>
  <system-out><![CDATA[]]></system-out>
  <system-err><![CDATA[]]></system-err>
</testsuite>
